[0.422s] Invoking command in '/home/mo/ros_ws/src/first_package': PYTHONPATH=/home/mo/ros_ws/build/first_package/prefix_override:/usr/lib/python3/dist-packages/colcon_core/task/python/colcon_distutils_commands:/home/mo/ros_ws/install/first_package/lib/python3.10/site-packages:${PYTHONPATH} /usr/bin/python3 -W ignore:setup.py install is deprecated setup.py egg_info --egg-base ../../build/first_package build --build-base /home/mo/ros_ws/build/first_package/build install --record /home/mo/ros_ws/build/first_package/install.log --single-version-externally-managed install_data
[0.570s] running egg_info
[0.570s] creating ../../build/first_package/first_package.egg-info
[0.570s] writing ../../build/first_package/first_package.egg-info/PKG-INFO
[0.570s] writing dependency_links to ../../build/first_package/first_package.egg-info/dependency_links.txt
[0.570s] writing entry points to ../../build/first_package/first_package.egg-info/entry_points.txt
[0.570s] writing requirements to ../../build/first_package/first_package.egg-info/requires.txt
[0.571s] writing top-level names to ../../build/first_package/first_package.egg-info/top_level.txt
[0.571s] writing manifest file '../../build/first_package/first_package.egg-info/SOURCES.txt'
[0.572s] reading manifest file '../../build/first_package/first_package.egg-info/SOURCES.txt'
[0.572s] writing manifest file '../../build/first_package/first_package.egg-info/SOURCES.txt'
[0.572s] running build
[0.572s] running build_py
[0.572s] creating /home/mo/ros_ws/build/first_package/build
[0.572s] creating /home/mo/ros_ws/build/first_package/build/lib
[0.572s] creating /home/mo/ros_ws/build/first_package/build/lib/first_package
[0.572s] copying first_package/__init__.py -> /home/mo/ros_ws/build/first_package/build/lib/first_package
[0.572s] running install
[0.573s] running install_lib
[0.573s] creating /home/mo/ros_ws/install/first_package/lib/python3.10/site-packages/first_package
[0.573s] copying /home/mo/ros_ws/build/first_package/build/lib/first_package/__init__.py -> /home/mo/ros_ws/install/first_package/lib/python3.10/site-packages/first_package
[0.573s] byte-compiling /home/mo/ros_ws/install/first_package/lib/python3.10/site-packages/first_package/__init__.py to __init__.cpython-310.pyc
[0.574s] running install_data
[0.574s] creating /home/mo/ros_ws/install/first_package/share/ament_index
[0.574s] creating /home/mo/ros_ws/install/first_package/share/ament_index/resource_index
[0.574s] creating /home/mo/ros_ws/install/first_package/share/ament_index/resource_index/packages
[0.574s] copying resource/first_package -> /home/mo/ros_ws/install/first_package/share/ament_index/resource_index/packages
[0.574s] copying package.xml -> /home/mo/ros_ws/install/first_package/share/first_package
[0.574s] running install_egg_info
[0.575s] Copying ../../build/first_package/first_package.egg-info to /home/mo/ros_ws/install/first_package/lib/python3.10/site-packages/first_package-0.0.0-py3.10.egg-info
[0.576s] running install_scripts
[0.589s] writing list of installed files to '/home/mo/ros_ws/build/first_package/install.log'
[0.606s] Invoked command in '/home/mo/ros_ws/src/first_package' returned '0': PYTHONPATH=/home/mo/ros_ws/build/first_package/prefix_override:/usr/lib/python3/dist-packages/colcon_core/task/python/colcon_distutils_commands:/home/mo/ros_ws/install/first_package/lib/python3.10/site-packages:${PYTHONPATH} /usr/bin/python3 -W ignore:setup.py install is deprecated setup.py egg_info --egg-base ../../build/first_package build --build-base /home/mo/ros_ws/build/first_package/build install --record /home/mo/ros_ws/build/first_package/install.log --single-version-externally-managed install_data
