[0.377s] Invoking command in '/home/mo/ros_ws/src/first_package': PYTHONPATH=/home/mo/ros_ws/build/first_package/prefix_override:/usr/lib/python3/dist-packages/colcon_core/task/python/colcon_distutils_commands:/home/mo/ros_ws/install/first_package/lib/python3.10/site-packages:${PYTHONPATH} /usr/bin/python3 -W ignore:setup.py install is deprecated setup.py egg_info --egg-base ../../build/first_package build --build-base /home/mo/ros_ws/build/first_package/build install --record /home/mo/ros_ws/build/first_package/install.log --single-version-externally-managed install_data
[0.530s] running egg_info
[0.530s] writing ../../build/first_package/first_package.egg-info/PKG-INFO
[0.530s] writing dependency_links to ../../build/first_package/first_package.egg-info/dependency_links.txt
[0.530s] writing entry points to ../../build/first_package/first_package.egg-info/entry_points.txt
[0.530s] writing requirements to ../../build/first_package/first_package.egg-info/requires.txt
[0.530s] writing top-level names to ../../build/first_package/first_package.egg-info/top_level.txt
[0.532s] reading manifest file '../../build/first_package/first_package.egg-info/SOURCES.txt'
[0.532s] writing manifest file '../../build/first_package/first_package.egg-info/SOURCES.txt'
[0.532s] running build
[0.532s] running build_py
[0.532s] running install
[0.533s] running install_lib
[0.534s] running install_data
[0.534s] running install_egg_info
[0.535s] removing '/home/mo/ros_ws/install/first_package/lib/python3.10/site-packages/first_package-0.0.0-py3.10.egg-info' (and everything under it)
[0.535s] Copying ../../build/first_package/first_package.egg-info to /home/mo/ros_ws/install/first_package/lib/python3.10/site-packages/first_package-0.0.0-py3.10.egg-info
[0.536s] running install_scripts
[0.551s] writing list of installed files to '/home/mo/ros_ws/build/first_package/install.log'
[0.568s] Invoked command in '/home/mo/ros_ws/src/first_package' returned '0': PYTHONPATH=/home/mo/ros_ws/build/first_package/prefix_override:/usr/lib/python3/dist-packages/colcon_core/task/python/colcon_distutils_commands:/home/mo/ros_ws/install/first_package/lib/python3.10/site-packages:${PYTHONPATH} /usr/bin/python3 -W ignore:setup.py install is deprecated setup.py egg_info --egg-base ../../build/first_package build --build-base /home/mo/ros_ws/build/first_package/build install --record /home/mo/ros_ws/build/first_package/install.log --single-version-externally-managed install_data
